<?xml version="1.0" encoding="UTF-8"?>
<testng-results skipped="0" failed="0" ignored="0" total="1" passed="1">
  <reporter-output>
  </reporter-output>
  <suite name="Suite" duration-ms="52801" started-at="2021-04-29T13:26:36 IST" finished-at="2021-04-29T13:27:29 IST">
    <groups>
    </groups>
    <test name="Test" duration-ms="52801" started-at="2021-04-29T13:26:36 IST" finished-at="2021-04-29T13:27:29 IST">
      <class name="mavenforjenkins.UITest">
        <test-method status="PASS" signature="startBrowser(java.lang.String)[pri:0, instance:mavenforjenkins.UITest@578486a3]" name="startBrowser" duration-ms="52711" started-at="2021-04-29T13:26:36 IST" finished-at="2021-04-29T13:27:29 IST">
          <params>
            <param index="0">
              <value>
                <![CDATA[Edge]]>
              </value>
            </param>
          </params>
          <reporter-output>
          </reporter-output>
        </test-method> <!-- startBrowser -->
      </class> <!-- mavenforjenkins.UITest -->
    </test> <!-- Test -->
  </suite> <!-- Suite -->
</testng-results>
